176
5 363
33 9921
83 835
108 9075
220 9601
451 9997
492 641
576 841
647 842
749 831
844 9899
914 1004
1006 9993
1033 9979
1059 9209
1150 9989
1178 9197
1184 1199
1208 2844
1248 2846
1340 2063
1385 9233
1426 1430
1457 1591
1498 9206
1565 1580
1616 1620
1621 9193
1698 2089
1729 2032
1771 1801
1850 2843
1947 1994
1995 2712
2074 2086
2096 2701
2101 2120
2163 2201
2241 2392
2248 2290
2304 2339
2408 9990
2440 2669
2547 9924
2595 2654
2641 2649
2719 9231
2750 9229
2849 9215
2867 9185
2883 9088
2952 2954
2960 9186
3046 3414
3100 9074
3158 3588
3213 3638
3301 3396
3354 3356
3419 9987
3431 9915
3508 9901
3521 9891
3640 9994
3677 9195
3708 9184
3727 9106
3748 8917
3856 3913
3961 9873
4054 9631
4091 9999
4158 7188
4243 9213
4294 9918
4388 4420
4437 9089
4515 4529
4540 5685
4562 5581
4634 4731
4641 4723
4739 7493
4757 4790
4793 7219
4889 9991
4943 4979
4999 5124
5060 5870
5166 5259
5230 5277
5279 9984
5334 6871
5357 6864
5472 5551
5561 5575
5586 5609
5616 5623
5630 5682
5656 5674
5692 5841
5757 9980
5899 9992
5902 9968
6000 9917
6024 9190
6095 6845
6106 6293
6131 7495
6258 6373
6271 6312
6375 9995
6400 6470
6415 6422
6522 9960
6549 9912
6558 9904
6638 6645
6657 6690
6698 9996
6706 8986
6889 9903
6906 9895
6945 6974
6978 9985
7020 9986
7025 9816
7191 9866
7248 7512
7358 7410
7401 7407
7414 7464
7505 7509
7514 9971
7577 9976
7610 9203
7642 9226
7683 9998
7712 9227
7717 7731
7748 8777
7775 8756
7818 7839
7850 7888
7933 8187
7959 8175
8054 9199
8190 9914
8252 9230
8282 8710
8375 9223
8426 9204
8469 8939
8503 9902
8637 9861
8721 9211
8789 9099
8852 9194
8913 8920
8945 9922
8989 9096
9108 9174
9234 9920
9237 9978
9309 9900
9328 9879
9401 9535
9430 9515
9546 9617
9607 9616
9650 9988
9682 9706
9709 9883
9723 9751
9762 9842
9925 9977
